[35m[1mConsolidate compiler generated dependencies of target controller_node[0m
[ 50%] [32mBuilding CXX object CMakeFiles/controller_node.dir/src/controller_node.cpp.o[0m
In file included from [01m[K/home/ooofieee/Desktop/ws_sim/src/controller/include/controller/mtc.hpp:13[m[K,
                 from [01m[K/home/ooofieee/Desktop/ws_sim/src/controller/include/controller/phase0_node.hpp:6[m[K,
                 from [01m[K/home/ooofieee/Desktop/ws_sim/src/controller/src/controller_node.cpp:2[m[K:
[01m[K/home/ooofieee/Desktop/ws_sim/src/controller/include/controller/fuzzy_pose_generator.hpp:[m[K In member function â€˜[01m[Kvirtual void FuzzyPoseGenerator::compute()[m[Kâ€™:
[01m[K/home/ooofieee/Desktop/ws_sim/src/controller/include/controller/fuzzy_pose_generator.hpp:85:29:[m[K [01;31m[Kerror: [m[Kâ€˜[01m[Kclass ordered<const moveit::task_constructor::SolutionBase*>[m[Kâ€™ has no member named â€˜[01m[Kpop_back[m[Kâ€™
   85 |         upstream_solutions_.[01;31m[Kpop_back[m[K();
      |                             [01;31m[K^~~~~~~~[m[K
gmake[2]: *** [CMakeFiles/controller_node.dir/build.make:76: CMakeFiles/controller_node.dir/src/controller_node.cpp.o] Error 1
gmake[1]: *** [CMakeFiles/Makefile2:137: CMakeFiles/controller_node.dir/all] Error 2
gmake: *** [Makefile:146: all] Error 2
