[0.012s] Invoking command in '/home/ooofieee/Desktop/ws_sim/build/controller': CMAKE_PREFIX_PATH=${CMAKE_PREFIX_PATH}:/opt/ros/humble /bin/cmake --build /home/ooofieee/Desktop/ws_sim/build/controller -- -j16 -l16
[0.042s] [35m[1mConsolidate compiler generated dependencies of target controller_node[0m
[0.066s] [ 50%] [32mBuilding CXX object CMakeFiles/controller_node.dir/src/controller_node.cpp.o[0m
[3.853s] In file included from [01m[K/home/ooofieee/Desktop/ws_sim/src/controller/include/controller/mtc.hpp:13[m[K,
[3.853s]                  from [01m[K/home/ooofieee/Desktop/ws_sim/src/controller/include/controller/phase0_node.hpp:6[m[K,
[3.853s]                  from [01m[K/home/ooofieee/Desktop/ws_sim/src/controller/src/controller_node.cpp:2[m[K:
[3.853s] [01m[K/home/ooofieee/Desktop/ws_sim/src/controller/include/controller/fuzzy_pose_generator.hpp:[m[K In member function â€˜[01m[Kvirtual void FuzzyPoseGenerator::compute()[m[Kâ€™:
[3.853s] [01m[K/home/ooofieee/Desktop/ws_sim/src/controller/include/controller/fuzzy_pose_generator.hpp:85:29:[m[K [01;31m[Kerror: [m[Kâ€˜[01m[Kclass ordered<const moveit::task_constructor::SolutionBase*>[m[Kâ€™ has no member named â€˜[01m[Kpop_back[m[Kâ€™
[3.853s]    85 |         upstream_solutions_.[01;31m[Kpop_back[m[K();
[3.853s]       |                             [01;31m[K^~~~~~~~[m[K
[6.702s] gmake[2]: *** [CMakeFiles/controller_node.dir/build.make:76: CMakeFiles/controller_node.dir/src/controller_node.cpp.o] Error 1
[6.703s] gmake[1]: *** [CMakeFiles/Makefile2:137: CMakeFiles/controller_node.dir/all] Error 2
[6.703s] gmake: *** [Makefile:146: all] Error 2
[6.705s] Invoked command in '/home/ooofieee/Desktop/ws_sim/build/controller' returned '2': CMAKE_PREFIX_PATH=${CMAKE_PREFIX_PATH}:/opt/ros/humble /bin/cmake --build /home/ooofieee/Desktop/ws_sim/build/controller -- -j16 -l16
