[0.010s] Invoking command in '/home/ooofieee/Desktop/ws_sim/build/controller': CMAKE_PREFIX_PATH=${CMAKE_PREFIX_PATH}:/opt/ros/humble /bin/cmake --build /home/ooofieee/Desktop/ws_sim/build/controller -- -j16 -l16
[0.040s] [35m[1mConsolidate compiler generated dependencies of target controller_node[0m
[0.063s] [ 50%] [32mBuilding CXX object CMakeFiles/controller_node.dir/src/controller_node.cpp.o[0m
[4.167s] In file included from [01m[K/home/ooofieee/Desktop/ws_sim/src/controller/src/controller_node.cpp:2[m[K:
[4.167s] [01m[K/home/ooofieee/Desktop/ws_sim/src/controller/include/controller/phase0_node.hpp:[m[K In member function â€˜[01m[Kvirtual moveit::task_constructor::Task Phase0Node::create_task()[m[Kâ€™:
[4.167s] [01m[K/home/ooofieee/Desktop/ws_sim/src/controller/include/controller/phase0_node.hpp:82:13:[m[K [01;31m[Kerror: [m[Kâ€˜[01m[Kconnect_stage_ptr[m[Kâ€™ was not declared in this scope
[4.167s]    82 |             [01;31m[Kconnect_stage_ptr[m[K = stage.get();
[4.167s]       |             [01;31m[K^~~~~~~~~~~~~~~~~[m[K
[7.357s] gmake[2]: *** [CMakeFiles/controller_node.dir/build.make:76: CMakeFiles/controller_node.dir/src/controller_node.cpp.o] Error 1
[7.357s] gmake[1]: *** [CMakeFiles/Makefile2:137: CMakeFiles/controller_node.dir/all] Error 2
[7.358s] gmake: *** [Makefile:146: all] Error 2
[7.360s] Invoked command in '/home/ooofieee/Desktop/ws_sim/build/controller' returned '2': CMAKE_PREFIX_PATH=${CMAKE_PREFIX_PATH}:/opt/ros/humble /bin/cmake --build /home/ooofieee/Desktop/ws_sim/build/controller -- -j16 -l16
