In file included from [01m[K/home/ooofieee/Desktop/ws_sim/src/controller/include/controller/phase_test.hpp:5[m[K,
                 from [01m[K/home/ooofieee/Desktop/ws_sim/src/controller/src/controller_node.cpp:4[m[K:
[01m[K/opt/ros/humble/include/tf2_geometry_msgs/tf2_geometry_msgs/tf2_geometry_msgs.h:35:2:[m[K [01;35m[Kwarning: [m[K#warning This header is obsolete, please include tf2_geometry_msgs/tf2_geometry_msgs.hpp instead [[01;35m[K]8;;https://gcc.gnu.org/onlinedocs/gcc/Warning-Options.html#index-Wcpp-Wcpp]8;;[m[K]
   35 | #[01;35m[Kwarning[m[K This header is obsolete, please include tf2_geometry_msgs/tf2_geometry_msgs.hpp instead
      |  [01;35m[K^~~~~~~[m[K
In file included from [01m[K/home/ooofieee/Desktop/ws_sim/src/controller/include/controller/mtc.hpp:13[m[K,
                 from [01m[K/home/ooofieee/Desktop/ws_sim/src/controller/include/controller/phase0_node.hpp:6[m[K,
                 from [01m[K/home/ooofieee/Desktop/ws_sim/src/controller/src/controller_node.cpp:2[m[K:
[01m[K/home/ooofieee/Desktop/ws_sim/src/controller/include/controller/fuzzy_pose_generator.hpp:[m[K In member function â€˜[01m[Kvirtual void FuzzyPoseGenerator::compute()[m[Kâ€™:
[01m[K/home/ooofieee/Desktop/ws_sim/src/controller/include/controller/fuzzy_pose_generator.hpp:45:58:[m[K [01;35m[Kwarning: [m[Kunused variable â€˜[01m[Kscene[m[Kâ€™ [[01;35m[K]8;;https://gcc.gnu.org/onlinedocs/gcc/Warning-Options.html#index-Wunused-variable-Wunused-variable]8;;[m[K]
   45 |             const planning_scene::PlanningSceneConstPtr& [01;35m[Kscene[m[K = upstream_solution->end()->scene();
      |                                                          [01;35m[K^~~~~[m[K
[01m[K/home/ooofieee/Desktop/ws_sim/src/controller/include/controller/fuzzy_pose_generator.hpp:71:39:[m[K [01;31m[Kerror: [m[Kâ€˜[01m[Kscene[m[Kâ€™ was not declared in this scope
   71 |             mtc::InterfaceState state([01;31m[Kscene[m[K);
      |                                       [01;31m[K^~~~~[m[K
gmake[2]: *** [CMakeFiles/controller_node.dir/build.make:76: CMakeFiles/controller_node.dir/src/controller_node.cpp.o] Error 1
gmake[1]: *** [CMakeFiles/Makefile2:137: CMakeFiles/controller_node.dir/all] Error 2
gmake: *** [Makefile:146: all] Error 2
